INFO   [2016-03-21_18:36:25.630] [main] o.e.j.u.log -  Logging initialized @1778ms 
INFO   [2016-03-21_18:36:26.026] [main] i.d.s.ServerFactory -  Starting mkApi
================================================================================

                              MEBELKART API SERVER
                         One Of The Most Secure API Server

================================================================================

 
INFO   [2016-03-21_18:36:26.031] [main] i.d.s.DefaultServerFactory -  Registering jersey handler with root path prefix: / 
INFO   [2016-03-21_18:36:26.063] [main] i.d.s.DefaultServerFactory -  Registering admin handler with root path prefix: / 
INFO   [2016-03-21_18:36:26.585] [main] i.d.j.HttpsConnectorFactory -  Supported protocols: [SSLv2Hello, SSLv3, TLSv1, TLSv1.1, TLSv1.2] 
INFO   [2016-03-21_18:36:26.585] [main] i.d.j.HttpsConnectorFactory -  Supported cipher suites: [TLS_ECDHE_ECDSA_WITH_AES_128_CBC_SHA256, TLS_ECDHE_RSA_WITH_AES_128_CBC_SHA256, TLS_RSA_WITH_AES_128_CBC_SHA256, TLS_ECDH_ECDSA_WITH_AES_128_CBC_SHA256, TLS_ECDH_RSA_WITH_AES_128_CBC_SHA256, TLS_DHE_RSA_WITH_AES_128_CBC_SHA256, TLS_DHE_DSS_WITH_AES_128_CBC_SHA256, TLS_ECDHE_ECDSA_WITH_AES_128_CBC_SHA, TLS_ECDHE_RSA_WITH_AES_128_CBC_SHA, TLS_RSA_WITH_AES_128_CBC_SHA, TLS_ECDH_ECDSA_WITH_AES_128_CBC_SHA, TLS_ECDH_RSA_WITH_AES_128_CBC_SHA, TLS_DHE_RSA_WITH_AES_128_CBC_SHA, TLS_DHE_DSS_WITH_AES_128_CBC_SHA, TLS_ECDHE_ECDSA_WITH_AES_128_GCM_SHA256, TLS_ECDHE_RSA_WITH_AES_128_GCM_SHA256, TLS_RSA_WITH_AES_128_GCM_SHA256, TLS_ECDH_ECDSA_WITH_AES_128_GCM_SHA256, TLS_ECDH_RSA_WITH_AES_128_GCM_SHA256, TLS_DHE_RSA_WITH_AES_128_GCM_SHA256, TLS_DHE_DSS_WITH_AES_128_GCM_SHA256, TLS_ECDHE_ECDSA_WITH_3DES_EDE_CBC_SHA, TLS_ECDHE_RSA_WITH_3DES_EDE_CBC_SHA, SSL_RSA_WITH_3DES_EDE_CBC_SHA, TLS_ECDH_ECDSA_WITH_3DES_EDE_CBC_SHA, TLS_ECDH_RSA_WITH_3DES_EDE_CBC_SHA, SSL_DHE_RSA_WITH_3DES_EDE_CBC_SHA, SSL_DHE_DSS_WITH_3DES_EDE_CBC_SHA, TLS_EMPTY_RENEGOTIATION_INFO_SCSV, TLS_DH_anon_WITH_AES_128_GCM_SHA256, TLS_DH_anon_WITH_AES_128_CBC_SHA256, TLS_ECDH_anon_WITH_AES_128_CBC_SHA, TLS_DH_anon_WITH_AES_128_CBC_SHA, TLS_ECDH_anon_WITH_3DES_EDE_CBC_SHA, SSL_DH_anon_WITH_3DES_EDE_CBC_SHA, SSL_RSA_WITH_DES_CBC_SHA, SSL_DHE_RSA_WITH_DES_CBC_SHA, SSL_DHE_DSS_WITH_DES_CBC_SHA, SSL_DH_anon_WITH_DES_CBC_SHA, SSL_RSA_EXPORT_WITH_DES40_CBC_SHA, SSL_DHE_RSA_EXPORT_WITH_DES40_CBC_SHA, SSL_DHE_DSS_EXPORT_WITH_DES40_CBC_SHA, SSL_DH_anon_EXPORT_WITH_DES40_CBC_SHA, TLS_RSA_WITH_NULL_SHA256, TLS_ECDHE_ECDSA_WITH_NULL_SHA, TLS_ECDHE_RSA_WITH_NULL_SHA, SSL_RSA_WITH_NULL_SHA, TLS_ECDH_ECDSA_WITH_NULL_SHA, TLS_ECDH_RSA_WITH_NULL_SHA, TLS_ECDH_anon_WITH_NULL_SHA, SSL_RSA_WITH_NULL_MD5, TLS_KRB5_WITH_3DES_EDE_CBC_SHA, TLS_KRB5_WITH_3DES_EDE_CBC_MD5, TLS_KRB5_WITH_DES_CBC_SHA, TLS_KRB5_WITH_DES_CBC_MD5, TLS_KRB5_EXPORT_WITH_DES_CBC_40_SHA, TLS_KRB5_EXPORT_WITH_DES_CBC_40_MD5] 
INFO   [2016-03-21_18:36:26.605] [main] o.e.j.s.SetUIDListener -  Opened application@26a94fa5{HTTP/1.1}{0.0.0.0:8080} 
INFO   [2016-03-21_18:36:26.605] [main] o.e.j.s.SetUIDListener -  Opened application@464a4442{SSL-HTTP/1.1}{0.0.0.0:8443} 
INFO   [2016-03-21_18:36:26.605] [main] o.e.j.s.SetUIDListener -  Opened admin@2873d672{HTTP/1.1}{0.0.0.0:8081} 
INFO   [2016-03-21_18:36:26.605] [main] o.e.j.s.SetUIDListener -  Opened admin@3bc735b3{SSL-HTTP/1.1}{0.0.0.0:8444} 
INFO   [2016-03-21_18:36:26.605] [main] o.e.j.s.Server -  jetty-9.2.13.v20150730 
INFO   [2016-03-21_18:36:27.726] [main] i.d.j.DropwizardResourceConfig -  The following paths were found for the configured resources:

    PUT     /v1.0/admin/changeUserActiveStatus (com.mebelkart.api.admin.v1.resources.AdminResource)
    GET     /v1.0/admin/getUserPrivileges (com.mebelkart.api.admin.v1.resources.AdminResource)
    GET     /v1.0/admin/getUsersStatus (com.mebelkart.api.admin.v1.resources.AdminResource)
    GET     /v1.0/admin/login (com.mebelkart.api.admin.v1.resources.AdminResource)
    POST    /v1.0/admin/registerUser (com.mebelkart.api.admin.v1.resources.AdminResource)
    PUT     /v1.0/admin/updatePermissions (com.mebelkart.api.admin.v1.resources.AdminResource)
    GET     /v1.0/customer/getDetails (com.mebelkart.api.customer.v1.resources.CustomerResource)
 
INFO   [2016-03-21_18:36:27.742] [main] o.e.j.s.h.ContextHandler -  Started i.d.j.MutableServletContextHandler@1305c126{/,null,AVAILABLE} 
INFO   [2016-03-21_18:36:27.742] [main] i.d.s.AdminEnvironment -  tasks = 

    POST    /tasks/log-level (io.dropwizard.servlets.tasks.LogConfigurationTask)
    POST    /tasks/gc (io.dropwizard.servlets.tasks.GarbageCollectionTask)
 
INFO   [2016-03-21_18:36:27.742] [main] o.e.j.s.h.ContextHandler -  Started i.d.j.MutableServletContextHandler@d5d5353{/,null,AVAILABLE} 
INFO   [2016-03-21_18:36:27.757] [main] o.e.j.s.ServerConnector -  Started application@26a94fa5{HTTP/1.1}{0.0.0.0:8080} 
INFO   [2016-03-21_18:36:27.773] [main] o.e.j.s.ServerConnector -  Started application@464a4442{SSL-HTTP/1.1}{0.0.0.0:8443} 
INFO   [2016-03-21_18:36:27.773] [main] o.e.j.s.ServerConnector -  Started admin@2873d672{HTTP/1.1}{0.0.0.0:8081} 
INFO   [2016-03-21_18:36:27.790] [main] o.e.j.s.ServerConnector -  Started admin@3bc735b3{SSL-HTTP/1.1}{0.0.0.0:8444} 
INFO   [2016-03-21_18:36:27.791] [main] o.e.j.s.Server -  Started @3929ms 
